##### START OF AREA REPORT #####[
Design view:work.motion_detect_top(verilog)
Selecting part EP4CE115F29C7

Total combinational functions 425 of 114480 ( 0%)
Logic element usage by number of inputs
		  4 input functions 	 135
		  3 input functions 	 76
		  <=2 input functions 	 214
Logic elements by mode
		  normal mode            293
		  arithmetic mode        132
Total registers 136 of 114480 ( 0%)
I/O pins 106 of 529 (20%), total I/O based on largest package of this part.

Number of I/O registers
			Input DDRs    :0
			Output DDRs   :0

DSP Blocks:     0  (0 nine-bit DSP elements).
DSP Utilization: 0.00% of available 266 blocks (532 nine-bit).
ShiftTap:       0  (0 registers)
Total ESB:      4352 bits 

##### END OF AREA REPORT #####]

