##### START OF AREA REPORT #####[
Design view:work.fibonacci(verilog)
Selecting part EP4CE6E22A7

Total combinational functions 88 of 6272 ( 1%)
Logic element usage by number of inputs
		  4 input functions 	 11
		  3 input functions 	 22
		  <=2 input functions 	 55
Logic elements by mode
		  normal mode            38
		  arithmetic mode        50
Total registers 67 of 6272 ( 1%)
I/O pins 36 of 180 (20%), total I/O based on largest package of this part.

Number of I/O registers
			Input DDRs    :0
			Output DDRs   :0

DSP Blocks:     0  (0 nine-bit DSP elements).
DSP Utilization: 0.00% of available 15 blocks (30 nine-bit).
ShiftTap:       0  (0 registers)
Total ESB:      0 bits 

##### END OF AREA REPORT #####]

