
                             Synplify (R) Premier 

                Version O-2018.09-SP1 for RHEL64 - Nov 27, 2018 

                    Copyright (c) 1988 - 2018 Synopsys, Inc.
   This software and the associated documentation are proprietary to Synopsys,
 Inc. This software may only be used in accordance with the terms and conditions
 of a written license agreement with Synopsys, Inc. All other use, reproduction,
            or distribution of this software is strictly prohibited.

Starting:    /vol/synopsys/fpga/O-2018.09-SP1/linux_a_64/mbin/synplify
Install:     /vol/synopsys/fpga/O-2018.09-SP1
Hostname:    ras.ece.northwestern.edu
Date:        Wed Jan 18 12:47:45 2023
Version:     O-2018.09-SP1

Arguments:   -product synplify_premier
ProductType: synplify_premier

License checkout: synplifypremierdp
License: synplifypremierdp from server synopsyslm.ece.northwestern.edu (Using premium license)
Licensed Vendor: All FPGA
License Option: ident



log file: "/home/hbb0163/ce495/CE495/matmul/syn/rev_1/matmul.srr"
Running: rev_1 in foreground

Running matmul|rev_1

Running Flow: compile (Compile) on matmul|rev_1
# Wed Jan 18 12:47:48 2023

Running Flow: compile_flow (Compile Process) on matmul|rev_1
# Wed Jan 18 12:47:48 2023
License granted for 4 parallel jobs

Running: compiler (Compile Input) on matmul|rev_1
# Wed Jan 18 12:47:48 2023
Copied /home/hbb0163/ce495/CE495/matmul/syn/rev_1/synwork/matmul_comp.srs to /home/hbb0163/ce495/CE495/matmul/syn/rev_1/matmul.srs

compiler completed
# Wed Jan 18 12:47:52 2023

Return Code: 0
Run Time:00h:00m:04s

Running: multi_srs_gen (Multi-srs Generator) on matmul|rev_1
# Wed Jan 18 12:47:52 2023

multi_srs_gen completed
# Wed Jan 18 12:47:52 2023

Return Code: 0
Run Time:00h:00m:00s
Copied /home/hbb0163/ce495/CE495/matmul/syn/rev_1/synwork/matmul_mult.srs to /home/hbb0163/ce495/CE495/matmul/syn/rev_1/matmul.srs
Complete: Compile Process on matmul|rev_1

Running: premap (Premap) on matmul|rev_1
# Wed Jan 18 12:47:52 2023

premap completed with warnings
# Wed Jan 18 12:47:52 2023

Return Code: 1
Run Time:00h:00m:00s
Complete: Compile on matmul|rev_1

Running Flow: map (Map) on matmul|rev_1
# Wed Jan 18 12:47:52 2023
License granted for 4 parallel jobs

Running: fpga_mapper (Map & Optimize) on matmul|rev_1
# Wed Jan 18 12:47:52 2023
Copied /home/hbb0163/ce495/CE495/matmul/syn/rev_1/synwork/matmul_m.srm to /home/hbb0163/ce495/CE495/matmul/syn/rev_1/matmul.srm

fpga_mapper completed with warnings
# Wed Jan 18 12:47:54 2023

Return Code: 1
Run Time:00h:00m:02s
Complete: Map on matmul|rev_1
Complete: Logic Synthesis on matmul|rev_1
0log file: "/home/hbb0163/ce495/CE495/matmul/syn/rev_1/matmul.srr"
Running: rev_1 in foreground

Running matmul|rev_1

Running Flow: compile (Compile) on matmul|rev_1
# Wed Jan 18 12:49:44 2023

Running Flow: compile_flow (Compile Process) on matmul|rev_1
# Wed Jan 18 12:49:44 2023
License granted for 4 parallel jobs

Running: compiler (Compile Input) on matmul|rev_1
# Wed Jan 18 12:49:44 2023
Copied /home/hbb0163/ce495/CE495/matmul/syn/rev_1/synwork/matmul_comp.srs to /home/hbb0163/ce495/CE495/matmul/syn/rev_1/matmul.srs

compiler completed
# Wed Jan 18 12:49:48 2023

Return Code: 0
Run Time:00h:00m:04s

Running: multi_srs_gen (Multi-srs Generator) on matmul|rev_1
# Wed Jan 18 12:49:48 2023

multi_srs_gen completed
# Wed Jan 18 12:49:48 2023

Return Code: 0
Run Time:00h:00m:00s
Copied /home/hbb0163/ce495/CE495/matmul/syn/rev_1/synwork/matmul_mult.srs to /home/hbb0163/ce495/CE495/matmul/syn/rev_1/matmul.srs
Complete: Compile Process on matmul|rev_1

Running: premap (Premap) on matmul|rev_1
# Wed Jan 18 12:49:48 2023

premap completed with warnings
# Wed Jan 18 12:49:49 2023

Return Code: 1
Run Time:00h:00m:01s
Complete: Compile on matmul|rev_1

Running Flow: map (Map) on matmul|rev_1
# Wed Jan 18 12:49:49 2023
License granted for 4 parallel jobs

Running: fpga_mapper (Map & Optimize) on matmul|rev_1
# Wed Jan 18 12:49:49 2023
Copied /home/hbb0163/ce495/CE495/matmul/syn/rev_1/synwork/matmul_m.srm to /home/hbb0163/ce495/CE495/matmul/syn/rev_1/matmul.srm

fpga_mapper completed with warnings
# Wed Jan 18 12:49:52 2023

Return Code: 1
Run Time:00h:00m:03s
Complete: Map on matmul|rev_1
Complete: Logic Synthesis on matmul|rev_1
0log file: "/home/hbb0163/ce495/CE495/matmul/syn/rev_1/matmul.srr"
Running: rev_1 in foreground

Running matmul|rev_1

Running Flow: compile (Compile) on matmul|rev_1
# Wed Jan 18 12:50:06 2023

Running Flow: compile_flow (Compile Process) on matmul|rev_1
# Wed Jan 18 12:50:06 2023
License granted for 4 parallel jobs

Running: compiler (Compile Input) on matmul|rev_1
# Wed Jan 18 12:50:06 2023

compiler completed
# Wed Jan 18 12:50:09 2023

Return Code: 0
Run Time:00h:00m:03s

Running: multi_srs_gen (Multi-srs Generator) on matmul|rev_1
# Wed Jan 18 12:50:09 2023
Up-To-Date: multi_srs_gen. No run necessary
Complete: Compile Process on matmul|rev_1

Running: premap (Premap) on matmul|rev_1
# Wed Jan 18 12:50:09 2023

premap completed with warnings
# Wed Jan 18 12:50:09 2023

Return Code: 1
Run Time:00h:00m:00s
Complete: Compile on matmul|rev_1

Running Flow: map (Map) on matmul|rev_1
# Wed Jan 18 12:50:09 2023
License granted for 4 parallel jobs

Running: fpga_mapper (Map & Optimize) on matmul|rev_1
# Wed Jan 18 12:50:09 2023
Copied /home/hbb0163/ce495/CE495/matmul/syn/rev_1/synwork/matmul_m.srm to /home/hbb0163/ce495/CE495/matmul/syn/rev_1/matmul.srm

fpga_mapper completed with warnings
# Wed Jan 18 12:50:12 2023

Return Code: 1
Run Time:00h:00m:03s
Complete: Map on matmul|rev_1
Complete: Logic Synthesis on matmul|rev_1
0log file: "/home/hbb0163/ce495/CE495/matmul/syn/rev_1/matmul.srr"
Running: rev_1 in foreground

Running matmul|rev_1

Running Flow: compile (Compile) on matmul|rev_1
# Wed Jan 18 12:50:20 2023

Running Flow: compile_flow (Compile Process) on matmul|rev_1
# Wed Jan 18 12:50:20 2023
License granted for 4 parallel jobs

Running: compiler (Compile Input) on matmul|rev_1
# Wed Jan 18 12:50:20 2023

compiler completed
# Wed Jan 18 12:50:23 2023

Return Code: 0
Run Time:00h:00m:03s

Running: multi_srs_gen (Multi-srs Generator) on matmul|rev_1
# Wed Jan 18 12:50:23 2023
Up-To-Date: multi_srs_gen. No run necessary
Complete: Compile Process on matmul|rev_1

Running: premap (Premap) on matmul|rev_1
# Wed Jan 18 12:50:24 2023

premap completed with warnings
# Wed Jan 18 12:50:24 2023

Return Code: 1
Run Time:00h:00m:00s
Complete: Compile on matmul|rev_1

Running Flow: map (Map) on matmul|rev_1
# Wed Jan 18 12:50:24 2023
License granted for 4 parallel jobs

Running: fpga_mapper (Map & Optimize) on matmul|rev_1
# Wed Jan 18 12:50:24 2023
Copied /home/hbb0163/ce495/CE495/matmul/syn/rev_1/synwork/matmul_m.srm to /home/hbb0163/ce495/CE495/matmul/syn/rev_1/matmul.srm

fpga_mapper completed with warnings
# Wed Jan 18 12:50:27 2023

Return Code: 1
Run Time:00h:00m:03s
Complete: Map on matmul|rev_1
Complete: Logic Synthesis on matmul|rev_1
0exit status=0
License checkin: synplifypremierdp
