##### START OF AREA REPORT #####[
Design view:work.matmul_top(verilog)
Selecting part EP4CE6E22A7

Total combinational functions 288 of 6272 ( 4%)
Logic element usage by number of inputs
		  4 input functions 	 129
		  3 input functions 	 13
		  <=2 input functions 	 146
Logic elements by mode
		  normal mode            207
		  arithmetic mode        81
Total registers 161 of 6272 ( 2%)
I/O pins 123 of 180 (68%), total I/O based on largest package of this part.

Number of I/O registers
			Input DDRs    :0
			Output DDRs   :0

DSP.Simple_Multipliers_18_bit: 3
DSP Blocks:     3  (6 nine-bit DSP elements).
DSP Utilization: 20.00% of available 15 blocks (30 nine-bit).
ShiftTap:       0  (0 registers)
Total ESB:      12288 bits 

##### END OF AREA REPORT #####]

