##### START OF AREA REPORT #####[
Design view:work.edge_detect(verilog)
Selecting part EP4CE6E22A7

Total combinational functions 300 of 6272 ( 4%)
Logic element usage by number of inputs
		  4 input functions 	 84
		  3 input functions 	 29
		  <=2 input functions 	 187
Logic elements by mode
		  normal mode            160
		  arithmetic mode        140
Total registers 180 of 6272 ( 2%)
I/O pins 38 of 180 (21%), total I/O based on largest package of this part.

Number of I/O registers
			Input DDRs    :0
			Output DDRs   :0

DSP Blocks:     0  (0 nine-bit DSP elements).
DSP Utilization: 0.00% of available 15 blocks (30 nine-bit).
ShiftTap:       0  (0 registers)
Total ESB:      12736 bits 

LPM latches:    20

##### END OF AREA REPORT #####]

